c:\users\gusta\documents\templeware-main\templeware-cs2\x64\release\templeware.obj
c:\users\gusta\documents\templeware-main\templeware-cs2\x64\release\playerhook.obj
c:\users\gusta\documents\templeware-main\templeware-cs2\x64\release\ischemaclass.obj
c:\users\gusta\documents\templeware-main\templeware-cs2\x64\release\schema.obj
c:\users\gusta\documents\templeware-main\templeware-cs2\x64\release\utlhash.obj
c:\users\gusta\documents\templeware-main\templeware-cs2\x64\release\main.obj
c:\users\gusta\documents\templeware-main\templeware-cs2\x64\release\imgui.obj
c:\users\gusta\documents\templeware-main\templeware-cs2\x64\release\kiero.obj
c:\users\gusta\documents\templeware-main\templeware-cs2\x64\release\hud.obj
c:\users\gusta\documents\templeware-main\templeware-cs2\x64\release\viewmatrix.obj
c:\users\gusta\documents\templeware-main\templeware-cs2\x64\release\players.obj
c:\users\gusta\documents\templeware-main\templeware-cs2\x64\release\imgui_demo.obj
c:\users\gusta\documents\templeware-main\templeware-cs2\x64\release\imgui_impl_win32.obj
c:\users\gusta\documents\templeware-main\templeware-cs2\x64\release\c_csplayerpawn.obj
c:\users\gusta\documents\templeware-main\templeware-cs2\x64\release\math.obj
c:\users\gusta\documents\templeware-main\templeware-cs2\x64\release\vector.obj
c:\users\gusta\documents\templeware-main\templeware-cs2\x64\release\gaa.obj
c:\users\gusta\documents\templeware-main\templeware-cs2\x64\release\patternscan.obj
c:\users\gusta\documents\templeware-main\templeware-cs2\x64\release\menu.obj
c:\users\gusta\documents\templeware-main\templeware-cs2\x64\release\imgui_impl_dx11.obj
c:\users\gusta\documents\templeware-main\templeware-cs2\x64\release\ccsplayercontroller.obj
c:\users\gusta\documents\templeware-main\templeware-cs2\x64\release\debug.obj
c:\users\gusta\documents\templeware-main\templeware-cs2\x64\release\module.obj
c:\users\gusta\documents\templeware-main\templeware-cs2\x64\release\imgui_draw.obj
c:\users\gusta\documents\templeware-main\templeware-cs2\x64\release\imgui_widgets.obj
c:\users\gusta\documents\templeware-main\templeware-cs2\x64\release\config.obj
c:\users\gusta\documents\templeware-main\templeware-cs2\x64\release\hooks.obj
c:\users\gusta\documents\templeware-main\templeware-cs2\x64\release\visuals.obj
c:\users\gusta\documents\templeware-main\templeware-cs2\x64\release\vc142.pdb
c:\users\gusta\documents\templeware-main\templeware-cs2\x64\release\hook.obj
c:\users\gusta\documents\templeware-main\templeware-cs2\x64\release\hde32.obj
c:\users\gusta\documents\templeware-main\templeware-cs2\x64\release\trampoline.obj
c:\users\gusta\documents\templeware-main\templeware-cs2\x64\release\hde64.obj
c:\users\gusta\documents\templeware-main\templeware-cs2\x64\release\buffer.obj
c:\users\gusta\documents\templeware-main\templeware-cs2\x64\release\world.obj
c:\users\gusta\documents\templeware-main\templeware-cs2\x64\release\c_csweaponbase.obj
c:\users\gusta\documents\templeware-main\templeware-cs2\x64\release\interfaces.obj
c:\users\gusta\documents\templeware-main\templeware-cs2\x64\release\cgameentitysystem.obj
c:\users\gusta\documents\templeware-main\x64\release\1.dll
c:\users\gusta\documents\templeware-main\templeware-cs2\x64\release\1.ipdb
c:\users\gusta\documents\templeware-main\templeware-cs2\x64\release\1.iobj
c:\users\gusta\documents\templeware-main\x64\release\1.pdb
c:\users\gusta\documents\templeware-main\templeware-cs2\x64\release\minhook.res
c:\users\gusta\documents\templeware-main\templeware-concept\templeware-cs2\x64\release\buffer.obj
c:\users\gusta\documents\templeware-main\templeware-concept\templeware-cs2\x64\release\ccsplayercontroller.obj
c:\users\gusta\documents\templeware-main\templeware-concept\templeware-cs2\x64\release\cgameentitysystem.obj
c:\users\gusta\documents\templeware-main\templeware-concept\templeware-cs2\x64\release\config.obj
c:\users\gusta\documents\templeware-main\templeware-concept\templeware-cs2\x64\release\c_csplayerpawn.obj
c:\users\gusta\documents\templeware-main\templeware-concept\templeware-cs2\x64\release\c_csweaponbase.obj
c:\users\gusta\documents\templeware-main\templeware-concept\templeware-cs2\x64\release\debug.obj
c:\users\gusta\documents\templeware-main\templeware-concept\templeware-cs2\x64\release\gaa.obj
c:\users\gusta\documents\templeware-main\templeware-concept\templeware-cs2\x64\release\hde32.obj
c:\users\gusta\documents\templeware-main\templeware-concept\templeware-cs2\x64\release\hde64.obj
c:\users\gusta\documents\templeware-main\templeware-concept\templeware-cs2\x64\release\hook.obj
c:\users\gusta\documents\templeware-main\templeware-concept\templeware-cs2\x64\release\hooks.obj
c:\users\gusta\documents\templeware-main\templeware-concept\templeware-cs2\x64\release\hud.obj
c:\users\gusta\documents\templeware-main\templeware-concept\templeware-cs2\x64\release\imgui.obj
c:\users\gusta\documents\templeware-main\templeware-concept\templeware-cs2\x64\release\imgui_demo.obj
c:\users\gusta\documents\templeware-main\templeware-concept\templeware-cs2\x64\release\imgui_draw.obj
c:\users\gusta\documents\templeware-main\templeware-concept\templeware-cs2\x64\release\imgui_impl_dx11.obj
c:\users\gusta\documents\templeware-main\templeware-concept\templeware-cs2\x64\release\imgui_impl_win32.obj
c:\users\gusta\documents\templeware-main\templeware-concept\templeware-cs2\x64\release\imgui_widgets.obj
c:\users\gusta\documents\templeware-main\templeware-concept\templeware-cs2\x64\release\interfaces.obj
c:\users\gusta\documents\templeware-main\templeware-concept\templeware-cs2\x64\release\ischemaclass.obj
c:\users\gusta\documents\templeware-main\templeware-concept\templeware-cs2\x64\release\kiero.obj
c:\users\gusta\documents\templeware-main\templeware-concept\templeware-cs2\x64\release\main.obj
c:\users\gusta\documents\templeware-main\templeware-concept\templeware-cs2\x64\release\math.obj
c:\users\gusta\documents\templeware-main\templeware-concept\templeware-cs2\x64\release\menu.obj
c:\users\gusta\documents\templeware-main\templeware-concept\templeware-cs2\x64\release\module.obj
c:\users\gusta\documents\templeware-main\templeware-concept\templeware-cs2\x64\release\patternscan.obj
c:\users\gusta\documents\templeware-main\templeware-concept\templeware-cs2\x64\release\playerhook.obj
c:\users\gusta\documents\templeware-main\templeware-concept\templeware-cs2\x64\release\players.obj
c:\users\gusta\documents\templeware-main\templeware-concept\templeware-cs2\x64\release\schema.obj
c:\users\gusta\documents\templeware-main\templeware-concept\templeware-cs2\x64\release\templeware.obj
c:\users\gusta\documents\templeware-main\templeware-concept\templeware-cs2\x64\release\trampoline.obj
c:\users\gusta\documents\templeware-main\templeware-concept\templeware-cs2\x64\release\utlhash.obj
c:\users\gusta\documents\templeware-main\templeware-concept\templeware-cs2\x64\release\vector.obj
c:\users\gusta\documents\templeware-main\templeware-concept\templeware-cs2\x64\release\viewmatrix.obj
c:\users\gusta\documents\templeware-main\templeware-concept\templeware-cs2\x64\release\visuals.obj
c:\users\gusta\documents\templeware-main\templeware-concept\templeware-cs2\x64\release\world.obj
c:\users\gusta\documents\templeware-main\templeware-concept\templeware-cs2\x64\release\1.ipdb
c:\users\gusta\documents\templeware-main\templeware-concept\templeware-cs2\x64\release\1.iobj
c:\users\gusta\documents\templeware-main\templeware-concept\templeware-cs2\x64\release\minhook.res
c:\users\gusta\documents\templeware-main\templeware-concept\templeware-cs2\x64\release\vc142.pdb
c:\users\gusta\documents\templeware-main\templeware-concept\templeware-cs2\x64\release\templeware-cs2.tlog\cl.command.1.tlog
c:\users\gusta\documents\templeware-main\templeware-concept\templeware-cs2\x64\release\templeware-cs2.tlog\cl.read.1.tlog
c:\users\gusta\documents\templeware-main\templeware-concept\templeware-cs2\x64\release\templeware-cs2.tlog\cl.write.1.tlog
c:\users\gusta\documents\templeware-main\templeware-concept\templeware-cs2\x64\release\templeware-cs2.tlog\link.command.1.tlog
c:\users\gusta\documents\templeware-main\templeware-concept\templeware-cs2\x64\release\templeware-cs2.tlog\link.read.1.tlog
c:\users\gusta\documents\templeware-main\templeware-concept\templeware-cs2\x64\release\templeware-cs2.tlog\link.write.1.tlog
c:\users\gusta\documents\templeware-main\templeware-concept\templeware-cs2\x64\release\templeware-cs2.tlog\rc.command.1.tlog
c:\users\gusta\documents\templeware-main\templeware-concept\templeware-cs2\x64\release\templeware-cs2.tlog\rc.read.1.tlog
c:\users\gusta\documents\templeware-main\templeware-concept\templeware-cs2\x64\release\templeware-cs2.tlog\rc.write.1.tlog
